<?xml version="1.0" encoding="UTF-8"?><testsuite name="nosetests" tests="7" errors="0" failures="0" skip="0"><testcase classname="LAPythonTestSuite.Verify_Future_Dates_And_Text_Sizes" name="test_Future_Info_Toolbar_Is_Active" time="30.951"></testcase><testcase classname="LAPythonTestSuite.Verify_LA_Menu_Options" name="test_Menu_Options" time="16.644"></testcase><testcase classname="LAPythonTestSuite.Verify_Legend_Data" name="test_Legend_Data_Text" time="16.906"></testcase><testcase classname="LAPythonTestSuite.Verify_Links" name="test_tg_web_topbar_links" time="17.873"></testcase><testcase classname="LAPythonTestSuite.Verify_Login" name="test_login" time="20.893"></testcase><testcase classname="LAPythonTestSuite.Verify_Login_And_Saving_Routes" name="test_login_route_creation_and_deletion" time="38.075"></testcase><testcase classname="LAPythonTestSuite.Verify_Map_Layers" name="test_presence_of_correct_layers" time="4.564"></testcase></testsuite>